* using log directory ‘/Users/felixfritz/Documents/programming/R/github/socialranking.Rcheck’
* using R version 4.1.3 (2022-03-10)
* using platform: aarch64-apple-darwin21.3.0 (64-bit)
* using session charset: UTF-8
* using option ‘--as-cran’
* checking for file ‘socialranking/DESCRIPTION’ ... OK
* this is package ‘socialranking’ version ‘0.1.0’
* package encoding: UTF-8
* checking CRAN incoming feasibility ... NOTE
Maintainer: ‘Felix Fritz <felix.fritz@hs-kempten.de>’

New submission

Package has help file(s) containing install/render-stage \Sexpr{} expressions but no prebuilt PDF manual.
* checking package namespace information ... OK
* checking package dependencies ... OK
* checking if this is a source package ... OK
* checking if there is a namespace ... OK
* checking for executable files ... OK
* checking for hidden files and directories ... OK
* checking for portable file names ... OK
* checking for sufficient/correct file permissions ... OK
* checking serialization versions ... OK
* checking whether package ‘socialranking’ can be installed ... OK
* checking installed package size ... OK
* checking package directory ... OK
* checking for future file timestamps ... OK
* checking ‘build’ directory ... OK
* checking DESCRIPTION meta-information ... OK
* checking top-level files ... OK
* checking for left-over files ... OK
* checking index information ... OK
* checking package subdirectories ... OK
* checking R files for non-ASCII characters ... OK
* checking R files for syntax errors ... OK
* checking whether the package can be loaded ... OK
* checking whether the package can be loaded with stated dependencies ... OK
* checking whether the package can be unloaded cleanly ... OK
* checking whether the namespace can be loaded with stated dependencies ... OK
* checking whether the namespace can be unloaded cleanly ... OK
* checking loading without being on the library search path ... OK
* checking use of S3 registration ... OK
* checking dependencies in R code ... OK
* checking S3 generic/method consistency ... OK
* checking replacement functions ... OK
* checking foreign function calls ... OK
* checking R code for possible problems ...